<?xml version="1.0" encoding="UTF-8"?>
<robot generator="Robot 5.0 (Python 3.10.4 on win32)" generated="20221018 13:13:52.485" rpa="false" schemaversion="3">
<suite id="s1" name="Search" source="C:\Users\ASUS\PycharmProjects\RBFramework\Tests\search.robot">
<test id="s1-t1" name="This is a demo test" line="11">
<kw name="Open Browser" library="SeleniumLibrary">
<arg>${url}</arg>
<arg>${browser}</arg>
<doc>Opens a new browser instance to the optional ``url``.</doc>
<msg timestamp="20221018 13:13:52.817" level="INFO">Opening browser 'chrome' to base url 'https://qa.applivetest.com/Login/'.</msg>
<status status="PASS" starttime="20221018 13:13:52.817" endtime="20221018 13:14:00.751"/>
</kw>
<kw name="Maximize Browser Window" library="SeleniumLibrary">
<doc>Maximizes current browser window.</doc>
<status status="PASS" starttime="20221018 13:14:00.752" endtime="20221018 13:14:00.881"/>
</kw>
<kw name="Login to application without username">
<kw name="Set Variable" library="BuiltIn">
<var>${"username"}</var>
<arg>//input[@id="UserName"]</arg>
<doc>Returns the given values which can then be assigned to a variables.</doc>
<msg timestamp="20221018 13:14:00.881" level="INFO">${"username"} = //input[@id="UserName"]</msg>
<status status="PASS" starttime="20221018 13:14:00.881" endtime="20221018 13:14:00.881"/>
</kw>
<kw name="Input Text" library="SeleniumLibrary">
<arg>${"username"}</arg>
<arg>testdemo2</arg>
<doc>Types the given ``text`` into the text field identified by ``locator``.</doc>
<msg timestamp="20221018 13:14:00.881" level="INFO">Typing text 'testdemo2' into text field '//input[@id="UserName"]'.</msg>
<status status="PASS" starttime="20221018 13:14:00.881" endtime="20221018 13:14:01.084"/>
</kw>
<kw name="Element Should Be Visible" library="SeleniumLibrary">
<arg>${"username"}</arg>
<doc>Verifies that the element identified by ``locator`` is visible.</doc>
<msg timestamp="20221018 13:14:01.112" level="INFO">Element '//input[@id="UserName"]' is displayed.</msg>
<status status="PASS" starttime="20221018 13:14:01.084" endtime="20221018 13:14:01.112"/>
</kw>
<kw name="Input Text" library="SeleniumLibrary">
<arg>//input[@id="Password"]</arg>
<arg>123456789</arg>
<doc>Types the given ``text`` into the text field identified by ``locator``.</doc>
<msg timestamp="20221018 13:14:01.120" level="INFO">Typing text '123456789' into text field '//input[@id="Password"]'.</msg>
<status status="PASS" starttime="20221018 13:14:01.120" endtime="20221018 13:14:01.274"/>
</kw>
<kw name="Clear Element Text" library="SeleniumLibrary">
<arg>${"username"}</arg>
<doc>Clears the value of the text-input-element identified by ``locator``.</doc>
<status status="PASS" starttime="20221018 13:14:01.274" endtime="20221018 13:14:01.339"/>
</kw>
<kw name="Click Element" library="SeleniumLibrary">
<arg>//button[@id="cmdLogin"]</arg>
<doc>Click the element identified by ``locator``.</doc>
<msg timestamp="20221018 13:14:01.339" level="INFO">Clicking element '//button[@id="cmdLogin"]'.</msg>
<status status="PASS" starttime="20221018 13:14:01.339" endtime="20221018 13:14:01.449"/>
</kw>
<kw name="Sleep" library="BuiltIn">
<arg>3</arg>
<doc>Pauses the test executed for the given time.</doc>
<msg timestamp="20221018 13:14:04.461" level="INFO">Slept 3 seconds</msg>
<status status="PASS" starttime="20221018 13:14:01.449" endtime="20221018 13:14:04.461"/>
</kw>
<kw name="Element Should Be Visible" library="SeleniumLibrary">
<arg>//div[text()="Please Enter User ID"]</arg>
<doc>Verifies that the element identified by ``locator`` is visible.</doc>
<msg timestamp="20221018 13:14:04.504" level="INFO">Element '//div[text()="Please Enter User ID"]' is displayed.</msg>
<status status="PASS" starttime="20221018 13:14:04.461" endtime="20221018 13:14:04.505"/>
</kw>
<kw name="Close Browser" library="SeleniumLibrary">
<doc>Closes the current browser.</doc>
<status status="PASS" starttime="20221018 13:14:04.505" endtime="20221018 13:14:06.770"/>
</kw>
<status status="PASS" starttime="20221018 13:14:00.881" endtime="20221018 13:14:06.771"/>
</kw>
<doc>Ebay test for search element</doc>
<tag>Functional</tag>
<status status="PASS" starttime="20221018 13:13:52.817" endtime="20221018 13:14:06.772"/>
</test>
<test id="s1-t2" name="This is Login test" line="20">
<kw name="Open Browser" library="SeleniumLibrary">
<arg>${url}</arg>
<arg>${browser}</arg>
<doc>Opens a new browser instance to the optional ``url``.</doc>
<msg timestamp="20221018 13:14:06.778" level="INFO">Opening browser 'chrome' to base url 'https://qa.applivetest.com/Login/'.</msg>
<status status="PASS" starttime="20221018 13:14:06.777" endtime="20221018 13:14:12.753"/>
</kw>
<kw name="Maximize Browser Window" library="SeleniumLibrary">
<doc>Maximizes current browser window.</doc>
<status status="PASS" starttime="20221018 13:14:12.753" endtime="20221018 13:14:12.888"/>
</kw>
<kw name="Login to application successfully">
<kw name="Set Variable" library="BuiltIn">
<var>${"username"}</var>
<arg>//input[@id="UserName"]</arg>
<doc>Returns the given values which can then be assigned to a variables.</doc>
<msg timestamp="20221018 13:14:12.890" level="INFO">${"username"} = //input[@id="UserName"]</msg>
<status status="PASS" starttime="20221018 13:14:12.890" endtime="20221018 13:14:12.890"/>
</kw>
<kw name="Input Text" library="SeleniumLibrary">
<arg>${"username"}</arg>
<arg>testdemo2</arg>
<doc>Types the given ``text`` into the text field identified by ``locator``.</doc>
<msg timestamp="20221018 13:14:12.890" level="INFO">Typing text 'testdemo2' into text field '//input[@id="UserName"]'.</msg>
<status status="PASS" starttime="20221018 13:14:12.890" endtime="20221018 13:14:13.034"/>
</kw>
<kw name="Element Should Be Visible" library="SeleniumLibrary">
<arg>${"username"}</arg>
<doc>Verifies that the element identified by ``locator`` is visible.</doc>
<msg timestamp="20221018 13:14:13.060" level="INFO">Element '//input[@id="UserName"]' is displayed.</msg>
<status status="PASS" starttime="20221018 13:14:13.034" endtime="20221018 13:14:13.060"/>
</kw>
<kw name="Input Text" library="SeleniumLibrary">
<arg>//input[@id="Password"]</arg>
<arg>123456789</arg>
<doc>Types the given ``text`` into the text field identified by ``locator``.</doc>
<msg timestamp="20221018 13:14:13.061" level="INFO">Typing text '123456789' into text field '//input[@id="Password"]'.</msg>
<status status="PASS" starttime="20221018 13:14:13.061" endtime="20221018 13:14:13.167"/>
</kw>
<kw name="Click Element" library="SeleniumLibrary">
<arg>//button[@id="cmdLogin"]</arg>
<doc>Click the element identified by ``locator``.</doc>
<msg timestamp="20221018 13:14:13.167" level="INFO">Clicking element '//button[@id="cmdLogin"]'.</msg>
<status status="PASS" starttime="20221018 13:14:13.167" endtime="20221018 13:14:22.846"/>
</kw>
<kw name="Sleep" library="BuiltIn">
<arg>3</arg>
<doc>Pauses the test executed for the given time.</doc>
<msg timestamp="20221018 13:14:25.857" level="INFO">Slept 3 seconds</msg>
<status status="PASS" starttime="20221018 13:14:22.846" endtime="20221018 13:14:25.858"/>
</kw>
<kw name="Element Should Be Visible" library="SeleniumLibrary">
<arg>//a[text()=" Screen-shot Tool "]</arg>
<doc>Verifies that the element identified by ``locator`` is visible.</doc>
<msg timestamp="20221018 13:14:25.926" level="INFO">Element '//a[text()=" Screen-shot Tool "]' is displayed.</msg>
<status status="PASS" starttime="20221018 13:14:25.858" endtime="20221018 13:14:25.926"/>
</kw>
<kw name="Close Browser" library="SeleniumLibrary">
<doc>Closes the current browser.</doc>
<status status="PASS" starttime="20221018 13:14:25.926" endtime="20221018 13:14:28.256"/>
</kw>
<status status="PASS" starttime="20221018 13:14:12.890" endtime="20221018 13:14:28.257"/>
</kw>
<status status="PASS" starttime="20221018 13:14:06.772" endtime="20221018 13:14:28.257"/>
</test>
<status status="PASS" starttime="20221018 13:13:52.485" endtime="20221018 13:14:28.262"/>
</suite>
<statistics>
<total>
<stat pass="2" fail="0" skip="0">All Tests</stat>
</total>
<tag>
<stat pass="1" fail="0" skip="0">Functional</stat>
</tag>
<suite>
<stat pass="2" fail="0" skip="0" id="s1" name="Search">Search</stat>
</suite>
</statistics>
<errors>
</errors>
</robot>
